<?xml version="1.0" encoding="UTF-8"?>
<!-- Generated by org.testng.reporters.JUnitXMLReporter -->
<testsuite ignored="0" hostname="DESKTOP-VH4SGB0" failures="1" tests="1" name="Test" time="13.826" errors="0" timestamp="2023-10-20T11:19:17 IST">
  <testcase classname="TestCases.TC_LoginDataDriven_001" name="LoginPage" time="0.82">
    <failure type="org.testng.internal.reflect.MethodMatcherException" message="
[public void TestCases.TC_LoginDataDriven_001.LoginPage() throws java.lang.InterruptedException] has no parameters defined but was found to be using a data provider (either explicitly specified or inherited from class level annotation).
Data provider mismatch
Method: LoginPage([])
Arguments: [(java.lang.String) prathyusha4u93@gmail.com,(java.lang.String) Prathyusha@18]">
      <![CDATA[org.testng.internal.reflect.MethodMatcherException: 
[public void TestCases.TC_LoginDataDriven_001.LoginPage() throws java.lang.InterruptedException] has no parameters defined but was found to be using a data provider (either explicitly specified or inherited from class level annotation).
Data provider mismatch
Method: LoginPage([])
Arguments: [(java.lang.String) prathyusha4u93@gmail.com,(java.lang.String) Prathyusha@18]
at java.base/java.util.ArrayList.forEach(ArrayList.java:1511)
... Removed 22 stack frames]]>
    </failure>
  </testcase> <!-- LoginPage -->
</testsuite> <!-- Test -->
