<?xml version="1.0" encoding="UTF-8"?>
<testng-results ignored="0" total="1" passed="1" failed="0" skipped="0">
  <reporter-output>
  </reporter-output>
  <suite started-at="2023-10-29T16:34:11 IST" name="Default suite" finished-at="2023-10-29T16:35:18 IST" duration-ms="66936">
    <groups>
    </groups>
    <test started-at="2023-10-29T16:34:11 IST" name="Default test" finished-at="2023-10-29T16:35:18 IST" duration-ms="66936">
      <class name="TestCases.Testcase_001_login">
        <test-method is-config="true" signature="openapplication()[pri:0, instance:TestCases.Testcase_001_login@548d708a]" started-at="2023-10-29T16:34:11 IST" name="openapplication" finished-at="2023-10-29T16:35:03 IST" duration-ms="52352" status="PASS">
          <reporter-output>
          </reporter-output>
        </test-method> <!-- openapplication -->
        <test-method signature="logintest()[pri:0, instance:TestCases.Testcase_001_login@548d708a]" started-at="2023-10-29T16:35:03 IST" name="logintest" finished-at="2023-10-29T16:35:18 IST" duration-ms="14206" status="PASS">
          <reporter-output>
          </reporter-output>
        </test-method> <!-- logintest -->
        <test-method is-config="true" signature="Closepage()[pri:0, instance:TestCases.Testcase_001_login@548d708a]" started-at="2023-10-29T16:35:18 IST" name="Closepage" finished-at="2023-10-29T16:35:18 IST" duration-ms="311" status="PASS">
          <reporter-output>
          </reporter-output>
        </test-method> <!-- Closepage -->
      </class> <!-- TestCases.Testcase_001_login -->
    </test> <!-- Default test -->
  </suite> <!-- Default suite -->
</testng-results>
